<?xml version="1.0" encoding="UTF-8"?>
<!-- Generated by org.testng.reporters.JUnitXMLReporter -->
<testsuite hostname="O3020MO0" ignored="0" name="Suite de tests" tests="4" failures="0" timestamp="19 déc. 2019 09:36:28 GMT" time="0.07" errors="0">
  <testcase name="test_B_1" time="0.001" classname="acial.selenium.exercices.TestB"/>
  <testcase name="test_B_2" time="0.004" classname="acial.selenium.exercices.TestB"/>
  <testcase name="test_A_2" time="0.001" classname="acial.selenium.exercices.TestA"/>
  <testcase name="test_A_1" time="0.003" classname="acial.selenium.exercices.TestA"/>
</testsuite> <!-- Suite de tests -->
