<?xml version="1.0" encoding="UTF-8"?>
<testng-results skipped="0" failed="0" ignored="0" total="4" passed="4">
  <reporter-output>
  </reporter-output>
  <suite name="Non régression" duration-ms="70" started-at="2019-12-19T09:36:28Z" finished-at="2019-12-19T09:36:28Z">
    <groups>
    </groups>
    <test name="Suite de tests" duration-ms="70" started-at="2019-12-19T09:36:28Z" finished-at="2019-12-19T09:36:28Z">
      <class name="acial.selenium.exercices.TestA">
        <test-method status="PASS" signature="setUpTestA()[pri:0, instance:acial.selenium.exercices.TestA@30c7da1e]" name="setUpTestA" is-config="true" duration-ms="18" started-at="2019-12-19T09:36:28Z" finished-at="2019-12-19T09:36:28Z">
          <reporter-output>
          </reporter-output>
        </test-method> <!-- setUpTestA -->
        <test-method status="PASS" signature="setUpTestB()[pri:0, instance:acial.selenium.exercices.TestB@5b464ce8]" name="setUpTestB" is-config="true" duration-ms="2" started-at="2019-12-19T09:36:28Z" finished-at="2019-12-19T09:36:28Z">
          <reporter-output>
          </reporter-output>
        </test-method> <!-- setUpTestB -->
        <test-method status="PASS" signature="setUpClassA()[pri:0, instance:acial.selenium.exercices.TestA@30c7da1e]" name="setUpClassA" is-config="true" duration-ms="1" started-at="2019-12-19T09:36:28Z" finished-at="2019-12-19T09:36:28Z">
          <reporter-output>
          </reporter-output>
        </test-method> <!-- setUpClassA -->
        <test-method status="PASS" signature="test_A_2()[pri:1, instance:acial.selenium.exercices.TestA@30c7da1e]" name="test_A_2" duration-ms="1" started-at="2019-12-19T09:36:28Z" finished-at="2019-12-19T09:36:28Z">
          <reporter-output>
          </reporter-output>
        </test-method> <!-- test_A_2 -->
        <test-method status="PASS" signature="test_A_1()[pri:2, instance:acial.selenium.exercices.TestA@30c7da1e]" name="test_A_1" duration-ms="3" started-at="2019-12-19T09:36:28Z" finished-at="2019-12-19T09:36:28Z">
          <reporter-output>
          </reporter-output>
        </test-method> <!-- test_A_1 -->
        <test-method status="PASS" signature="tearDownClassA()[pri:0, instance:acial.selenium.exercices.TestA@30c7da1e]" name="tearDownClassA" is-config="true" duration-ms="2" started-at="2019-12-19T09:36:28Z" finished-at="2019-12-19T09:36:28Z">
          <reporter-output>
          </reporter-output>
        </test-method> <!-- tearDownClassA -->
        <test-method status="PASS" signature="tearDownTestA()[pri:0, instance:acial.selenium.exercices.TestA@30c7da1e]" name="tearDownTestA" is-config="true" duration-ms="1" started-at="2019-12-19T09:36:28Z" finished-at="2019-12-19T09:36:28Z">
          <reporter-output>
          </reporter-output>
        </test-method> <!-- tearDownTestA -->
        <test-method status="PASS" signature="tearDownTestB()[pri:0, instance:acial.selenium.exercices.TestB@5b464ce8]" name="tearDownTestB" is-config="true" duration-ms="1" started-at="2019-12-19T09:36:28Z" finished-at="2019-12-19T09:36:28Z">
          <reporter-output>
          </reporter-output>
        </test-method> <!-- tearDownTestB -->
      </class> <!-- acial.selenium.exercices.TestA -->
      <class name="acial.selenium.exercices.TestB">
        <test-method status="PASS" signature="setUpClassB()[pri:0, instance:acial.selenium.exercices.TestB@5b464ce8]" name="setUpClassB" is-config="true" duration-ms="1" started-at="2019-12-19T09:36:28Z" finished-at="2019-12-19T09:36:28Z">
          <reporter-output>
          </reporter-output>
        </test-method> <!-- setUpClassB -->
        <test-method status="PASS" signature="test_B_1()[pri:0, instance:acial.selenium.exercices.TestB@5b464ce8]" name="test_B_1" duration-ms="1" started-at="2019-12-19T09:36:28Z" finished-at="2019-12-19T09:36:28Z">
          <reporter-output>
          </reporter-output>
        </test-method> <!-- test_B_1 -->
        <test-method status="PASS" signature="test_B_2()[pri:0, instance:acial.selenium.exercices.TestB@5b464ce8]" name="test_B_2" duration-ms="4" started-at="2019-12-19T09:36:28Z" finished-at="2019-12-19T09:36:28Z">
          <reporter-output>
          </reporter-output>
        </test-method> <!-- test_B_2 -->
        <test-method status="PASS" signature="tearDownClassB()[pri:0, instance:acial.selenium.exercices.TestB@5b464ce8]" name="tearDownClassB" is-config="true" duration-ms="2" started-at="2019-12-19T09:36:28Z" finished-at="2019-12-19T09:36:28Z">
          <reporter-output>
          </reporter-output>
        </test-method> <!-- tearDownClassB -->
      </class> <!-- acial.selenium.exercices.TestB -->
    </test> <!-- Suite de tests -->
  </suite> <!-- Non régression -->
</testng-results>
