<?xml version="1.0" encoding="UTF-8"?>
<!-- Generated by org.testng.reporters.JUnitReportReporter -->
<testsuite skipped="0" hostname="O3020MO0" name="acial.selenium.exercices.Exercice2" tests="4" failures="0" timestamp="17 déc. 2019 15:54:02 GMT" time="12.801" errors="0">
  <testcase name="testLogin" time="2.116" classname="acial.selenium.exercices.Exercice2"/>
  <testcase name="testAjouterEmploye" time="3.527" classname="acial.selenium.exercices.Exercice2"/>
  <testcase name="testAjouterEmploye" time="3.957" classname="acial.selenium.exercices.Exercice2"/>
  <testcase name="testAjouterEmploye" time="3.201" classname="acial.selenium.exercices.Exercice2"/>
</testsuite> <!-- acial.selenium.exercices.Exercice2 -->
